<html>
<head>
<title>TestNG:  Surefire test</title>
<link href="../testng.css" rel="stylesheet" type="text/css" />
<link href="../my-testng.css" rel="stylesheet" type="text/css" />

<style type="text/css">
.log { display: none;} 
.stack-trace { display: none;} 
</style>
<script type="text/javascript">
<!--
function flip(e) {
  current = e.style.display;
  if (current == 'block') {
    e.style.display = 'none';
    return 0;
  }
  else {
    e.style.display = 'block';
    return 1;
  }
}

function toggleBox(szDivId, elem, msg1, msg2)
{
  var res = -1;  if (document.getElementById) {
    res = flip(document.getElementById(szDivId));
  }
  else if (document.all) {
    // this is the way old msie versions work
    res = flip(document.all[szDivId]);
  }
  if(elem) {
    if(res == 0) elem.innerHTML = msg1; else elem.innerHTML = msg2;
  }

}

function toggleAllBoxes() {
  if (document.getElementsByTagName) {
    d = document.getElementsByTagName('div');
    for (i = 0; i < d.length; i++) {
      if (d[i].className == 'log') {
        flip(d[i]);
      }
    }
  }
}

// -->
</script>

</head>
<body>
<h2 align='center'>Surefire test</h2><table border='1' align="center">
<tr>
<td>Tests passed/Failed/Skipped:</td><td>8/1/0</td>
</tr><tr>
<td>Started on:</td><td>Sat Jan 23 16:56:22 GMT 2021</td>
</tr>
<tr><td>Total time:</td><td>97 seconds (97306 ms)</td>
</tr><tr>
<td>Included groups:</td><td></td>
</tr><tr>
<td>Excluded groups:</td><td></td>
</tr>
</table><p/>
<small><i>(Hover the method name to see the test class name)</i></small><p/>
<table width='100%' border='1' class='invocation-failed'>
<tr><td colspan='4' align='center'><b>FAILED TESTS</b></td></tr>
<tr><td><b>Test method</b></td>
<td width="30%"><b>Exception</b></td>
<td width="10%"><b>Time (seconds)</b></td>
<td><b>Instance</b></td>
</tr>
<tr>
<td title='Parallel.ParallelRun.runScenario()'><b>runScenario</b><br>Test class: Parallel.ParallelRun<br>Test method: Runs Cucumber Scenarios<br>Parameters: "Register button availblity on Homepage", "Optional[Home page features]"</td>
<td><div><pre>org.openqa.selenium.NoSuchElementException: no such element: Unable to locate element: {&quot;method&quot;:&quot;xpath&quot;,&quot;selector&quot;:&quot;//input[@value=&apos;Register&apos;]&quot;}
  (Session info: chrome=87.0.4280.141)
For documentation on this error, please visit: https://www.seleniumhq.org/exceptions/no_such_element.html
Build info: version: &apos;3.141.59&apos;, revision: &apos;e82be7d358&apos;, time: &apos;2018-11-14T08:17:03&apos;
System info: host: &apos;DESKTOP-D96Q9MV&apos;, ip: &apos;172.29.128.1&apos;, os.name: &apos;Windows 10&apos;, os.arch: &apos;amd64&apos;, os.version: &apos;10.0&apos;, java.version: &apos;1.8.0_261&apos;
Driver info: org.openqa.selenium.chrome.ChromeDriver
Capabilities {acceptInsecureCerts: false, browserName: chrome, browserVersion: 87.0.4280.141, chrome: {chromedriverVersion: 87.0.4280.88 (89e2380a3e36c..., userDataDir: C:\Users\nehal\AppData\Loca...}, goog:chromeOptions: {debuggerAddress: localhost:62972}, javascriptEnabled: true, networkConnectionEnabled: false, pageLoadStrategy: normal, platform: WINDOWS, platformName: WINDOWS, proxy: Proxy(), setWindowRect: true, strictFileInteractability: false, timeouts: {implicit: 0, pageLoad: 300000, script: 30000}, unhandledPromptBehavior: dismiss and notify, webauthn:virtualAuthenticators: true}
Session ID: ac98333d1abcef07d93ce98a20a97e94
*** Element info: {Using=xpath, value=//input[@value=&apos;Register&apos;]}
	at org.openqa.selenium.remote.http.W3CHttpResponseCodec.createException(W3CHttpResponseCodec.java:187)
	at org.openqa.selenium.remote.http.W3CHttpResponseCodec.decode(W3CHttpResponseCodec.java:122)
	at org.openqa.selenium.remote.http.W3CHttpResponseCodec.decode(W3CHttpResponseCodec.java:49)
	at org.openqa.selenium.remote.HttpCommandExecutor.execute(HttpCommandExecutor.java:158)
	at org.openqa.selenium.remote.service.DriverCommandExecutor.execute(DriverCommandExecutor.java:83)
	at org.openqa.selenium.remote.RemoteWebDriver.execute(RemoteWebDriver.java:552)
	at org.openqa.selenium.remote.RemoteWebDriver.findElement(RemoteWebDriver.java:323)
	at org.openqa.selenium.remote.RemoteWebDriver.findElementByXPath(RemoteWebDriver.java:428)
	at org.openqa.selenium.By$ByXPath.findElement(By.java:353)
	at org.openqa.selenium.remote.RemoteWebDriver.findElement(RemoteWebDriver.java:315)
	at com.pages.HomePage.verifyRegisterLinkonHomepage(HomePage.java:29)
	at Parallel.HomePageSteps.user_verify_register_option(HomePageSteps.java:45)
	at ?.user verify Register option(file:///C:/Users/nehal/eclipse-workspace2/CucumberFramwork1/src/test/resources/Parallel/HomePage.feature:10)
... Removed 4 stack frames</pre></div><a href='#' onClick='toggleBox("stack-trace968848710", this, "Click to show all stack frames", "Click to hide stack frames")'>Click to show all stack frames</a>
<div class='stack-trace' id='stack-trace968848710'><pre>org.openqa.selenium.NoSuchElementException: no such element: Unable to locate element: {&quot;method&quot;:&quot;xpath&quot;,&quot;selector&quot;:&quot;//input[@value=&apos;Register&apos;]&quot;}
  (Session info: chrome=87.0.4280.141)
For documentation on this error, please visit: https://www.seleniumhq.org/exceptions/no_such_element.html
Build info: version: &apos;3.141.59&apos;, revision: &apos;e82be7d358&apos;, time: &apos;2018-11-14T08:17:03&apos;
System info: host: &apos;DESKTOP-D96Q9MV&apos;, ip: &apos;172.29.128.1&apos;, os.name: &apos;Windows 10&apos;, os.arch: &apos;amd64&apos;, os.version: &apos;10.0&apos;, java.version: &apos;1.8.0_261&apos;
Driver info: org.openqa.selenium.chrome.ChromeDriver
Capabilities {acceptInsecureCerts: false, browserName: chrome, browserVersion: 87.0.4280.141, chrome: {chromedriverVersion: 87.0.4280.88 (89e2380a3e36c..., userDataDir: C:\Users\nehal\AppData\Loca...}, goog:chromeOptions: {debuggerAddress: localhost:62972}, javascriptEnabled: true, networkConnectionEnabled: false, pageLoadStrategy: normal, platform: WINDOWS, platformName: WINDOWS, proxy: Proxy(), setWindowRect: true, strictFileInteractability: false, timeouts: {implicit: 0, pageLoad: 300000, script: 30000}, unhandledPromptBehavior: dismiss and notify, webauthn:virtualAuthenticators: true}
Session ID: ac98333d1abcef07d93ce98a20a97e94
*** Element info: {Using=xpath, value=//input[@value=&apos;Register&apos;]}
	at sun.reflect.NativeConstructorAccessorImpl.newInstance0(Native Method)
	at sun.reflect.NativeConstructorAccessorImpl.newInstance(NativeConstructorAccessorImpl.java:62)
	at sun.reflect.DelegatingConstructorAccessorImpl.newInstance(DelegatingConstructorAccessorImpl.java:45)
	at java.lang.reflect.Constructor.newInstance(Constructor.java:423)
	at org.openqa.selenium.remote.http.W3CHttpResponseCodec.createException(W3CHttpResponseCodec.java:187)
	at org.openqa.selenium.remote.http.W3CHttpResponseCodec.decode(W3CHttpResponseCodec.java:122)
	at org.openqa.selenium.remote.http.W3CHttpResponseCodec.decode(W3CHttpResponseCodec.java:49)
	at org.openqa.selenium.remote.HttpCommandExecutor.execute(HttpCommandExecutor.java:158)
	at org.openqa.selenium.remote.service.DriverCommandExecutor.execute(DriverCommandExecutor.java:83)
	at org.openqa.selenium.remote.RemoteWebDriver.execute(RemoteWebDriver.java:552)
	at org.openqa.selenium.remote.RemoteWebDriver.findElement(RemoteWebDriver.java:323)
	at org.openqa.selenium.remote.RemoteWebDriver.findElementByXPath(RemoteWebDriver.java:428)
	at org.openqa.selenium.By$ByXPath.findElement(By.java:353)
	at org.openqa.selenium.remote.RemoteWebDriver.findElement(RemoteWebDriver.java:315)
	at com.pages.HomePage.verifyRegisterLinkonHomepage(HomePage.java:29)
	at Parallel.HomePageSteps.user_verify_register_option(HomePageSteps.java:45)
	at ?.user verify Register option(file:///C:/Users/nehal/eclipse-workspace2/CucumberFramwork1/src/test/resources/Parallel/HomePage.feature:10)
</pre></div></td>
<td>86</td>
<td>Parallel.ParallelRun@2a5ca609</td></tr>
</table><p>
<table width='100%' border='1' class='invocation-passed'>
<tr><td colspan='4' align='center'><b>PASSED TESTS</b></td></tr>
<tr><td><b>Test method</b></td>
<td width="30%"><b>Exception</b></td>
<td width="10%"><b>Time (seconds)</b></td>
<td><b>Instance</b></td>
</tr>
<tr>
<td title='Parallel.ParallelRun.runScenario()'><b>runScenario</b><br>Test class: Parallel.ParallelRun<br>Test method: Runs Cucumber Scenarios<br>Parameters: "Login page Title", "Optional[New Login Page feature]"</td>
<td></td>
<td>86</td>
<td>Parallel.ParallelRun@2a5ca609</td></tr>
<tr>
<td title='Parallel.ParallelRun.runScenario()'><b>runScenario</b><br>Test class: Parallel.ParallelRun<br>Test method: Runs Cucumber Scenarios<br>Parameters: "Homepage title validation", "Optional[Home page features]"</td>
<td></td>
<td>86</td>
<td>Parallel.ParallelRun@2a5ca609</td></tr>
<tr>
<td title='Parallel.ParallelRun.runScenario()'><b>runScenario</b><br>Test class: Parallel.ParallelRun<br>Test method: Runs Cucumber Scenarios<br>Parameters: "Forgot Password Link", "Optional[New Login Page feature]"</td>
<td></td>
<td>87</td>
<td>Parallel.ParallelRun@2a5ca609</td></tr>
<tr>
<td title='Parallel.ParallelRun.runScenario()'><b>runScenario</b><br>Test class: Parallel.ParallelRun<br>Test method: Runs Cucumber Scenarios<br>Parameters: "Login with Correct credentials", "Optional[New Login Page feature]"</td>
<td></td>
<td>87</td>
<td>Parallel.ParallelRun@2a5ca609</td></tr>
<tr>
<td title='Parallel.ParallelRun.runScenario()'><b>runScenario</b><br>Test class: Parallel.ParallelRun<br>Test method: Runs Cucumber Scenarios<br>Parameters: "Community poll options on Homepage", "Optional[Home page features]"</td>
<td></td>
<td>87</td>
<td>Parallel.ParallelRun@2a5ca609</td></tr>
<tr>
<td title='Parallel.ParallelRun.runScenario()'><b>runScenario</b><br>Test class: Parallel.ParallelRun<br>Test method: Runs Cucumber Scenarios<br>Parameters: "Forgot Password Link", "Optional[Login Page feature]"</td>
<td></td>
<td>87</td>
<td>Parallel.ParallelRun@2a5ca609</td></tr>
<tr>
<td title='Parallel.ParallelRun.runScenario()'><b>runScenario</b><br>Test class: Parallel.ParallelRun<br>Test method: Runs Cucumber Scenarios<br>Parameters: "Login page Title", "Optional[Login Page feature]"</td>
<td></td>
<td>87</td>
<td>Parallel.ParallelRun@2a5ca609</td></tr>
<tr>
<td title='Parallel.ParallelRun.runScenario()'><b>runScenario</b><br>Test class: Parallel.ParallelRun<br>Test method: Runs Cucumber Scenarios<br>Parameters: "Login with Correct credentials", "Optional[Login Page feature]"</td>
<td></td>
<td>88</td>
<td>Parallel.ParallelRun@2a5ca609</td></tr>
</table><p>
</body>
</html>